weedshop-android/weedshop-android/Source/WeedApp/simonvt-menudrawer/build/outputs/logs/manifest-merger-debug-report.txt
-- Merging decision tree log ---
manifest
ADDED from WeedApp\simonvt-menudrawer\AndroidManifest.xml:1:1-5:12
INJECTED from WeedApp\simonvt-menudrawer\AndroidManifest.xml:1:1-5:12
INJECTED from WeedApp\simonvt-menudrawer\AndroidManifest.xml:1:1-5:12
	package
		ADDED from WeedApp\simonvt-menudrawer\AndroidManifest.xml:2:5-37
		INJECTED from WeedApp\simonvt-menudrawer\AndroidManifest.xml
		INJECTED from WeedApp\simonvt-menudrawer\AndroidManifest.xml
	xmlns:android
		ADDED from WeedApp\simonvt-menudrawer\AndroidManifest.xml:1:11-69
uses-sdk
INJECTED from WeedApp\simonvt-menudrawer\AndroidManifest.xml reason: use-sdk injection requested
INJECTED from WeedApp\simonvt-menudrawer\AndroidManifest.xml
INJECTED from WeedApp\simonvt-menudrawer\AndroidManifest.xml
INJECTED from WeedApp\simonvt-menudrawer\AndroidManifest.xml
INJECTED from WeedApp\simonvt-menudrawer\AndroidManifest.xml
	android:targetSdkVersion
		INJECTED from WeedApp\simonvt-menudrawer\AndroidManifest.xml
		ADDED from WeedApp\simonvt-menudrawer\AndroidManifest.xml
		INJECTED from WeedApp\simonvt-menudrawer\AndroidManifest.xml
	android:minSdkVersion
		INJECTED from WeedApp\simonvt-menudrawer\AndroidManifest.xml
		ADDED from WeedApp\simonvt-menudrawer\AndroidManifest.xml
		INJECTED from WeedApp\simonvt-menudrawer\AndroidManifest.xml